-------------------------------------------------------------------------------
Test set: spring.it.CatalogServiceITestV4
-------------------------------------------------------------------------------
Tests run: 1, Failures: 1, Errors: 0, Skipped: 0, Time elapsed: 19.134 s <<< FAILURE! - in spring.it.CatalogServiceITestV4
spring.it.CatalogServiceITestV4.testReadBooks  Time elapsed: 3.251 s  <<< FAILURE!
java.lang.AssertionError: JSON path "$.value[0].stock" expected:<100> but was:<12>
	at spring.it.CatalogServiceITestV4.testReadBooks(CatalogServiceITestV4.java:29)

